<?xml version="1.0" encoding="UTF-8"?>
<!-- Generated by org.testng.reporters.JUnitXMLReporter -->
<testsuite ignored="1" hostname="DESKTOP-V3IDT5L" failures="0" tests="2" name="Test" time="0.136" errors="0" timestamp="2023-01-11T12:47:31 IST">
  <testcase classname="com.utility.Base_Class" name="@BeforeSuite BS" time="0.01">
    <failure type="java.io.FileNotFoundException" message="C:\Users\GANESH MAHURE\Desktop\Eclipse\WBA-US\Health_Care\Config\config.properties (The system cannot find the path specified)">
      <![CDATA[java.io.FileNotFoundException: C:\Users\GANESH MAHURE\Desktop\Eclipse\WBA-US\Health_Care\Config\config.properties (The system cannot find the path specified)
at java.base/java.io.FileInputStream.open0(Native Method)
at java.base/java.io.FileInputStream.open(FileInputStream.java:216)
at java.base/java.io.FileInputStream.<init>(FileInputStream.java:157)
at java.base/java.io.FileInputStream.<init>(FileInputStream.java:111)
at com.utility.ConfigDataProvider.<init>(ConfigDataProvider.java:14)
at com.utility.Base_Class.BS(Base_Class.java:23)
... Removed 19 stack frames]]>
    </failure>
  </testcase> <!-- @BeforeSuite BS -->
  <testcase classname="com.utility.Base_Class" name="@BeforeMethod SetUp" time="-1.673421451424E9">
    <skipped/>
  </testcase> <!-- @BeforeMethod SetUp -->
  <testcase classname="com.utility.Base_Class" name="@AfterMethod tearDown" time="-1.673421451455E9">
    <skipped/>
  </testcase> <!-- @AfterMethod tearDown -->
  <testcase classname="com.utility.Base_Class" name="@BeforeMethod SetUp" time="-1.673421451468E9">
    <skipped/>
  </testcase> <!-- @BeforeMethod SetUp -->
  <testcase classname="com.utility.Base_Class" name="@AfterMethod tearDown" time="-1.673421451495E9">
    <skipped/>
  </testcase> <!-- @AfterMethod tearDown -->
  <testcase classname="com.Test.TC_001" name="Test_verify" time="0.001">
    <skipped/>
  </testcase> <!-- Test_verify -->
  <testcase classname="com.Test.TC_002" name="Test_verify" time="0.0">
    <skipped/>
  </testcase> <!-- Test_verify -->
  <testcase classname="com.utility.Base_Class" name="@BeforeSuite BS" time="0.0">
    <ignored/>
  </testcase> <!-- @BeforeSuite BS -->
</testsuite> <!-- Test -->
